TN:
SF:src/main/ts/error.ts
FN:171,getErrnoMessage
FN:178,getExitCodeInfo
FN:182,formatExitMessage
FN:202,formatErrorMessage
FN:211,getCallerLocation
FN:215,getCallerLocationFromString
FNF:6
FNH:6
FNDA:3,getErrnoMessage
FNDA:9,getExitCodeInfo
FNDA:6,formatExitMessage
FNDA:3,formatErrorMessage
FNDA:54,getCallerLocation
FNDA:54,getCallerLocationFromString
DA:1,1
DA:2,1
DA:3,1
DA:4,1
DA:5,1
DA:6,1
DA:7,1
DA:8,1
DA:9,1
DA:10,1
DA:11,1
DA:12,1
DA:13,1
DA:14,1
DA:15,1
DA:16,1
DA:17,1
DA:18,1
DA:19,1
DA:20,1
DA:21,1
DA:22,1
DA:23,1
DA:24,1
DA:25,1
DA:26,1
DA:27,1
DA:28,1
DA:29,1
DA:30,1
DA:31,1
DA:32,1
DA:33,1
DA:34,1
DA:35,1
DA:36,1
DA:37,1
DA:38,1
DA:39,1
DA:40,1
DA:41,1
DA:42,1
DA:43,1
DA:44,1
DA:45,1
DA:46,1
DA:47,1
DA:48,1
DA:49,1
DA:50,1
DA:51,1
DA:52,1
DA:53,1
DA:54,1
DA:55,1
DA:56,1
DA:57,1
DA:58,1
DA:59,1
DA:60,1
DA:61,1
DA:62,1
DA:63,1
DA:64,1
DA:65,1
DA:66,1
DA:67,1
DA:68,1
DA:69,1
DA:70,1
DA:71,1
DA:72,1
DA:73,1
DA:74,1
DA:75,1
DA:76,1
DA:77,1
DA:78,1
DA:79,1
DA:80,1
DA:81,1
DA:82,1
DA:83,1
DA:84,1
DA:85,1
DA:86,1
DA:87,1
DA:88,1
DA:89,1
DA:90,1
DA:91,1
DA:92,1
DA:93,1
DA:94,1
DA:95,1
DA:96,1
DA:97,1
DA:98,1
DA:99,1
DA:100,1
DA:101,1
DA:102,1
DA:103,1
DA:104,1
DA:105,1
DA:106,1
DA:107,1
DA:108,1
DA:109,1
DA:110,1
DA:111,1
DA:112,1
DA:113,1
DA:114,1
DA:115,1
DA:116,1
DA:117,1
DA:118,1
DA:119,1
DA:120,1
DA:121,1
DA:122,1
DA:123,1
DA:124,1
DA:125,1
DA:126,1
DA:127,1
DA:128,1
DA:129,1
DA:130,1
DA:131,1
DA:132,1
DA:133,1
DA:134,1
DA:135,1
DA:136,1
DA:137,1
DA:138,1
DA:139,1
DA:140,1
DA:141,1
DA:142,1
DA:143,1
DA:144,1
DA:145,1
DA:146,1
DA:147,1
DA:148,1
DA:149,1
DA:150,1
DA:151,1
DA:152,1
DA:153,1
DA:154,1
DA:155,1
DA:156,1
DA:157,1
DA:158,1
DA:159,1
DA:160,1
DA:161,1
DA:162,1
DA:163,1
DA:164,1
DA:165,1
DA:166,1
DA:167,1
DA:168,1
DA:169,1
DA:170,1
DA:171,1
DA:172,3
DA:173,3
DA:174,2
DA:175,3
DA:176,3
DA:177,1
DA:178,1
DA:179,9
DA:180,9
DA:181,1
DA:182,1
DA:183,6
DA:184,6
DA:185,6
DA:186,6
DA:187,6
DA:188,6
DA:189,6
DA:190,6
DA:191,6
DA:192,6
DA:193,6
DA:194,6
DA:195,3
DA:196,3
DA:197,6
DA:198,6
DA:199,6
DA:200,6
DA:201,1
DA:202,1
DA:203,3
DA:204,3
DA:205,3
DA:206,3
DA:207,3
DA:208,3
DA:209,3
DA:210,1
DA:211,1
DA:212,54
DA:213,54
DA:214,1
DA:215,1
DA:216,54
DA:217,54
DA:218,54
DA:219,54
DA:220,54
DA:221,54
DA:222,54
LF:222
LH:222
BRDA:171,0,0,3
BRDA:173,1,0,2
BRDA:178,2,0,9
BRDA:182,3,0,6
BRDA:189,4,0,0
BRDA:192,5,0,3
BRDA:192,6,0,3
BRDA:194,7,0,3
BRDA:202,8,0,3
BRDA:211,9,0,54
BRDA:215,10,0,54
BRDA:220,11,0,0
BRDA:219,12,0,1010
BRF:13
BRH:11
end_of_record
TN:
SF:src/main/ts/index.ts
FNF:0
FNH:0
DA:1,1
DA:2,1
DA:3,1
DA:4,1
DA:5,1
DA:6,1
DA:7,1
DA:8,1
DA:9,1
DA:10,1
DA:11,1
DA:12,1
DA:13,1
DA:14,1
DA:15,1
DA:16,1
DA:17,1
DA:18,1
DA:19,1
DA:20,1
DA:21,1
DA:22,1
LF:22
LH:22
BRF:0
BRH:0
end_of_record
TN:
SF:src/main/ts/spawn.ts
FN:112,get id
FN:114,get cwd
FN:119,get ee
FN:120,get ac
FN:121,get signal
FN:128,get store
FN:130,get stdin
FN:131,get stdout
FN:132,get stderr
FN:144,normalizeCtx
FN:147,get signal
FN:155,processInput
FN:170,_transform
FN:181,buildSpawnOpts
FN:199,toggleListeners
FN:210,createStore
FN:222,invoke
FN:225,push
FN:248,get stdout
FN:249,get stderr
FN:250,get stdall
FN:265,onAbort
FN:301,get stdout
FN:302,get stderr
FN:303,get stdall
FN:341,exec
FNF:26
FNH:26
FNDA:47,get id
FNDA:47,get cwd
FNDA:47,get ee
FNDA:94,get ac
FNDA:47,get signal
FNDA:47,get store
FNDA:47,get stdin
FNDA:47,get stdout
FNDA:47,get stderr
FNDA:47,normalizeCtx
FNDA:48,get signal
FNDA:34,processInput
FNDA:54,_transform
FNDA:46,buildSpawnOpts
FNDA:91,toggleListeners
FNDA:47,createStore
FNDA:46,invoke
FNDA:38,push
FNDA:8,get stdout
FNDA:2,get stderr
FNDA:6,get stdall
FNDA:1,onAbort
FNDA:18,get stdout
FNDA:6,get stderr
FNDA:13,get stdall
FNDA:1,exec
DA:1,1
DA:2,1
DA:3,1
DA:4,1
DA:5,1
DA:6,1
DA:7,1
DA:8,1
DA:9,1
DA:10,1
DA:11,1
DA:12,1
DA:13,1
DA:14,1
DA:15,1
DA:16,1
DA:17,1
DA:18,1
DA:19,1
DA:20,1
DA:21,1
DA:22,1
DA:23,1
DA:24,1
DA:25,1
DA:26,1
DA:27,1
DA:28,1
DA:29,1
DA:30,1
DA:31,1
DA:32,1
DA:33,1
DA:34,1
DA:35,1
DA:36,1
DA:37,1
DA:38,1
DA:39,1
DA:40,1
DA:41,1
DA:42,1
DA:43,1
DA:44,1
DA:45,1
DA:46,1
DA:47,1
DA:48,1
DA:49,1
DA:50,1
DA:51,1
DA:52,1
DA:53,1
DA:54,1
DA:55,1
DA:56,1
DA:57,1
DA:58,1
DA:59,1
DA:60,1
DA:61,1
DA:62,1
DA:63,1
DA:64,1
DA:65,1
DA:66,1
DA:67,1
DA:68,1
DA:69,1
DA:70,1
DA:71,1
DA:72,1
DA:73,1
DA:74,1
DA:75,1
DA:76,1
DA:77,1
DA:78,1
DA:79,1
DA:80,1
DA:81,1
DA:82,1
DA:83,1
DA:84,1
DA:85,1
DA:86,1
DA:87,1
DA:88,1
DA:89,1
DA:90,1
DA:91,1
DA:92,1
DA:93,1
DA:94,1
DA:95,1
DA:96,1
DA:97,1
DA:98,1
DA:99,1
DA:100,1
DA:101,1
DA:102,1
DA:103,1
DA:104,1
DA:105,1
DA:106,1
DA:107,1
DA:108,1
DA:109,1
DA:110,1
DA:111,1
DA:112,1
DA:113,1
DA:114,1
DA:115,1
DA:116,1
DA:117,1
DA:118,1
DA:119,1
DA:120,1
DA:121,1
DA:122,1
DA:123,1
DA:124,1
DA:125,1
DA:126,1
DA:127,1
DA:128,1
DA:129,1
DA:130,1
DA:131,1
DA:132,1
DA:133,1
DA:134,1
DA:135,1
DA:136,1
DA:137,1
DA:138,1
DA:139,1
DA:140,1
DA:141,1
DA:142,1
DA:143,1
DA:144,1
DA:145,47
DA:146,47
DA:147,47
DA:148,47
DA:149,1
DA:150,1
DA:151,1
DA:152,1
DA:153,1
DA:154,1
DA:155,1
DA:156,34
DA:157,32
DA:158,28
DA:159,32
DA:160,4
DA:161,4
DA:162,4
DA:163,32
DA:164,34
DA:165,1
DA:166,1
DA:167,1
DA:168,1
DA:169,1
DA:170,1
DA:171,54
DA:172,54
DA:173,54
DA:174,1
DA:175,1
DA:176,1
DA:177,1
DA:178,1
DA:179,1
DA:180,1
DA:181,1
DA:182,46
DA:183,46
DA:184,46
DA:185,46
DA:186,46
DA:187,46
DA:188,46
DA:189,46
DA:190,46
DA:191,46
DA:192,1
DA:193,1
DA:194,1
DA:195,1
DA:196,1
DA:197,1
DA:198,1
DA:199,1
DA:200,91
DA:201,0
DA:202,0
DA:203,91
DA:204,91
DA:205,91
DA:206,1
DA:207,1
DA:208,1
DA:209,1
DA:210,1
DA:211,47
DA:212,47
DA:213,47
DA:214,47
DA:215,1
DA:216,1
DA:217,1
DA:218,1
DA:219,1
DA:220,1
DA:221,1
DA:222,1
DA:223,46
DA:224,46
DA:225,46
DA:226,38
DA:227,38
DA:228,38
DA:229,38
DA:230,38
DA:231,46
DA:232,46
DA:233,46
DA:234,12
DA:235,12
DA:236,12
DA:237,12
DA:238,12
DA:239,10
DA:240,10
DA:241,10
DA:242,12
DA:243,0
DA:244,0
DA:245,0
DA:246,12
DA:247,12
DA:248,12
DA:249,12
DA:250,12
DA:251,12
DA:252,12
DA:253,12
DA:254,12
DA:255,12
DA:256,12
DA:257,46
DA:258,34
DA:259,34
DA:260,34
DA:261,34
DA:262,34
DA:263,34
DA:264,34
DA:265,34
DA:266,1
DA:267,1
DA:268,1
DA:269,1
DA:270,1
DA:271,0
DA:272,0
DA:273,1
DA:274,1
DA:275,1
DA:276,1
DA:277,34
DA:278,34
DA:279,34
DA:280,34
DA:281,34
DA:282,34
DA:283,34
DA:284,34
DA:285,34
DA:286,34
DA:287,2
DA:288,2
DA:289,34
DA:290,34
DA:291,33
DA:292,1
DA:293,1
DA:294,1
DA:295,34
DA:296,34
DA:297,34
DA:298,34
DA:299,34
DA:300,34
DA:301,34
DA:302,34
DA:303,34
DA:304,34
DA:305,34
DA:306,34
DA:307,34
DA:308,34
DA:309,34
DA:310,34
DA:311,34
DA:312,34
DA:313,34
DA:314,46
DA:315,1
DA:316,1
DA:317,1
DA:318,1
DA:319,1
DA:320,1
DA:321,1
DA:322,1
DA:323,1
DA:324,1
DA:325,1
DA:326,1
DA:327,1
DA:328,1
DA:329,1
DA:330,1
DA:331,1
DA:332,45
DA:333,45
DA:334,45
DA:335,1
DA:336,1
DA:337,1
DA:338,1
DA:339,1
DA:340,1
DA:341,1
DA:342,1
DA:343,1
LF:343
LH:336
BRDA:112,0,0,47
BRDA:114,1,0,47
BRDA:119,2,0,47
BRDA:120,3,0,94
BRDA:121,4,0,47
BRDA:128,5,0,47
BRDA:130,6,0,47
BRDA:131,7,0,47
BRDA:132,8,0,47
BRDA:144,9,0,47
BRDA:147,10,0,48
BRDA:155,11,0,34
BRDA:156,12,0,32
BRDA:156,13,0,32
BRDA:157,14,0,28
BRDA:159,15,0,4
BRDA:170,16,0,54
BRDA:181,17,0,46
BRDA:199,18,0,91
BRDA:200,19,0,0
BRDA:204,20,0,46
BRDA:204,21,0,45
BRDA:210,22,0,47
BRDA:222,23,0,46
BRDA:233,24,0,12
BRDA:238,25,0,11
BRDA:238,26,0,10
BRDA:242,27,0,11
BRDA:242,28,0,0
BRDA:257,29,0,34
BRDA:314,30,0,1
BRDA:332,31,0,45
BRDA:225,32,0,38
BRDA:248,33,0,8
BRDA:249,34,0,2
BRDA:250,35,0,6
BRDA:258,36,0,34
BRDA:281,37,0,23
BRDA:283,38,0,32
BRDA:284,39,0,32
BRDA:265,40,0,1
BRDA:270,41,0,0
BRDA:283,42,0,28
BRDA:286,43,0,2
BRDA:290,44,0,33
BRDA:291,45,0,1
BRDA:296,46,0,34
BRDA:301,47,0,18
BRDA:302,48,0,6
BRDA:303,49,0,13
BRDA:341,50,0,1
BRF:51
BRH:48
end_of_record
TN:
SF:src/main/ts/util.ts
FN:22,noop
FN:24,asyncVoidCall
FN:26,randomId
FN:39,makeDeferred
FN:46,isPromiseLike
FN:48,isStringLiteral
FN:57,assign
FN:62,quote
FN:81,quotePwsh
FN:90,buildCmd
FN:108,substitute
FN:113,parseInput
FN:123,pFinally
FNF:13
FNH:12
FNDA:0,noop
FNDA:90,asyncVoidCall
FNDA:48,randomId
FNDA:34,makeDeferred
FNDA:106,isPromiseLike
FNDA:71,isStringLiteral
FNDA:255,assign
FNDA:6,quote
FNDA:4,quotePwsh
FNDA:38,buildCmd
FNDA:5,substitute
FNDA:38,parseInput
FNDA:30,pFinally
DA:1,1
DA:2,1
DA:3,1
DA:4,1
DA:5,1
DA:6,1
DA:7,1
DA:8,1
DA:9,1
DA:10,1
DA:11,1
DA:12,1
DA:13,1
DA:14,1
DA:15,1
DA:16,1
DA:17,1
DA:18,1
DA:19,1
DA:20,1
DA:21,1
DA:22,1
DA:23,1
DA:24,1
DA:25,1
DA:26,1
DA:27,1
DA:28,1
DA:29,1
DA:30,1
DA:31,1
DA:32,1
DA:33,1
DA:34,1
DA:35,1
DA:36,1
DA:37,1
DA:38,1
DA:39,1
DA:40,34
DA:41,34
DA:42,34
DA:43,34
DA:44,34
DA:45,1
DA:46,1
DA:47,1
DA:48,1
DA:49,71
DA:50,71
DA:51,71
DA:52,71
DA:53,71
DA:54,49
DA:55,49
DA:56,1
DA:57,1
DA:58,255
DA:59,344
DA:60,255
DA:61,1
DA:62,1
DA:63,6
DA:64,6
DA:65,2
DA:66,2
DA:67,2
DA:68,2
DA:69,2
DA:70,2
DA:71,2
DA:72,2
DA:73,2
DA:74,2
DA:75,2
DA:76,2
DA:77,2
DA:78,2
DA:79,2
DA:80,1
DA:81,1
DA:82,4
DA:83,4
DA:84,2
DA:85,2
DA:86,2
DA:87,1
DA:88,1
DA:89,1
DA:90,1
DA:91,38
DA:92,38
DA:93,37
DA:94,37
DA:95,38
DA:96,5
DA:97,5
DA:98,5
DA:99,5
DA:100,5
DA:101,5
DA:102,37
DA:103,37
DA:104,37
DA:105,1
DA:106,1
DA:107,1
DA:108,1
DA:109,5
DA:110,5
DA:111,5
DA:112,1
DA:113,1
DA:114,38
DA:115,28
DA:116,38
DA:117,28
DA:118,38
DA:119,27
DA:120,27
DA:121,27
DA:122,1
DA:123,1
LF:123
LH:123
BRDA:18,0,0,0
BRDA:20,1,0,0
BRDA:20,2,0,0
BRDA:24,3,0,90
BRDA:24,4,0,60
BRDA:26,5,0,48
BRDA:39,6,0,34
BRDA:42,7,0,34
BRDA:46,8,0,106
BRDA:48,9,0,71
BRDA:52,10,0,51
BRDA:53,11,0,49
BRDA:53,12,0,49
BRDA:57,13,0,255
BRDA:58,14,0,344
BRDA:60,15,0,723
BRDA:60,16,0,615
BRDA:62,17,0,6
BRDA:63,18,0,1
BRDA:64,19,0,5
BRDA:64,20,0,3
BRDA:65,21,0,2
BRDA:81,22,0,4
BRDA:82,23,0,1
BRDA:83,24,0,3
BRDA:83,25,0,1
BRDA:84,26,0,2
BRDA:90,27,0,38
BRDA:92,28,0,1
BRDA:93,29,0,37
BRDA:95,30,0,5
BRDA:97,31,0,0
BRDA:102,32,0,37
BRDA:92,33,0,1
BRDA:108,34,0,5
BRDA:110,35,0,3
BRDA:111,36,0,2
BRDA:113,37,0,38
BRDA:114,38,0,34
BRDA:114,39,0,34
BRDA:114,40,0,10
BRDA:115,41,0,28
BRDA:116,42,0,1
BRDA:116,43,0,0
BRDA:117,44,0,28
BRDA:118,45,0,1
BRDA:118,46,0,1
BRDA:119,47,0,27
BRDA:123,48,0,30
BRDA:123,49,0,0
BRF:50
BRH:44
end_of_record
TN:
SF:src/main/ts/x.ts
FN:111,$
FN:123,ignite
FN:124,_quote
FN:128,run
FN:135,zurkMixin
FN:155,applyMixins
FNF:6
FNH:5
FNDA:59,$
FNDA:37,ignite
FNDA:0,_quote
FNDA:1,run
FNDA:68,zurkMixin
FNDA:68,applyMixins
DA:1,1
DA:2,1
DA:3,1
DA:4,1
DA:5,1
DA:6,1
DA:7,1
DA:8,1
DA:9,1
DA:10,1
DA:11,1
DA:12,1
DA:13,1
DA:14,1
DA:15,1
DA:16,1
DA:17,1
DA:18,1
DA:19,1
DA:20,1
DA:21,1
DA:22,1
DA:23,1
DA:24,1
DA:25,1
DA:26,1
DA:27,1
DA:28,1
DA:29,1
DA:30,1
DA:31,1
DA:32,1
DA:33,1
DA:34,1
DA:35,1
DA:36,1
DA:37,1
DA:38,1
DA:39,1
DA:40,1
DA:41,1
DA:42,1
DA:43,1
DA:44,1
DA:45,1
DA:46,1
DA:47,1
DA:48,1
DA:49,1
DA:50,1
DA:51,1
DA:52,1
DA:53,1
DA:54,1
DA:55,1
DA:56,1
DA:57,1
DA:58,1
DA:59,1
DA:60,1
DA:61,1
DA:62,1
DA:63,1
DA:64,1
DA:65,1
DA:66,1
DA:67,1
DA:68,1
DA:69,1
DA:70,1
DA:71,1
DA:72,1
DA:73,1
DA:74,1
DA:75,1
DA:76,1
DA:77,1
DA:78,1
DA:79,1
DA:80,1
DA:81,1
DA:82,1
DA:83,1
DA:84,1
DA:85,1
DA:86,1
DA:87,1
DA:88,1
DA:89,1
DA:90,1
DA:91,1
DA:92,1
DA:93,1
DA:94,1
DA:95,1
DA:96,1
DA:97,1
DA:98,1
DA:99,1
DA:100,1
DA:101,1
DA:102,1
DA:103,1
DA:104,1
DA:105,1
DA:106,1
DA:107,1
DA:108,1
DA:109,1
DA:110,1
DA:111,1
DA:112,59
DA:113,59
DA:114,59
DA:115,59
DA:116,59
DA:117,56
DA:118,59
DA:119,19
DA:120,19
DA:121,19
DA:122,1
DA:123,1
DA:124,37
DA:125,37
DA:126,37
DA:127,37
DA:128,37
DA:129,37
DA:130,37
DA:131,37
DA:132,37
DA:133,37
DA:134,1
DA:135,1
DA:136,68
DA:137,40
DA:138,40
DA:139,40
DA:140,68
DA:141,30
DA:142,30
DA:143,68
DA:144,68
DA:145,1
DA:146,1
DA:147,1
DA:148,1
DA:149,1
DA:150,1
DA:151,1
DA:152,1
DA:153,1
DA:154,1
DA:155,1
DA:156,68
DA:157,68
DA:158,68
DA:159,269
DA:160,269
DA:161,68
DA:162,68
LF:162
LH:162
BRDA:111,0,0,59
BRDA:113,1,0,29
BRDA:114,2,0,54
BRDA:116,3,0,3
BRDA:117,4,0,56
BRDA:118,5,0,37
BRDA:119,6,0,19
BRDA:120,7,0,22
BRDA:120,8,0,3
BRDA:120,9,0,19
BRDA:123,10,0,37
BRDA:124,11,0,35
BRDA:124,12,0,1
BRDA:124,13,0,34
BRDA:128,14,0,1
BRDA:129,15,0,36
BRDA:128,16,0,1
BRDA:128,17,0,1
BRDA:135,18,0,68
BRDA:136,19,0,28
BRDA:137,20,0,40
BRDA:140,21,0,30
BRDA:143,22,0,9
BRDA:141,23,0,28
BRDA:155,24,0,68
BRDA:156,25,0,28
BRDA:158,26,0,269
BRDA:159,27,0,79
BRF:28
BRH:28
end_of_record
TN:
SF:src/main/ts/zurk.ts
FN:62,zurk
FN:65,zurkAsync
FN:69,callback
FN:80,zurkSync
FN:84,callback
FN:99,zurkifyPromise
FN:104,get
FN:123,getError
FN:132,isZurkAny
FN:133,isZurk
FN:134,isZurkPromise
FN:135,isZurkProxy
FN:137,zurkFactory
FN:140,<instance_members_initializer>
FN:142,Zurk
FN:145,on
FN:146,get child
FN:147,get status
FN:148,get signal
FN:149,get error
FN:150,get stderr
FN:151,get stdout
FN:152,get stdall
FN:153,get stdio
FN:158,get duration
FN:159,toString
FN:160,valueOf
FNF:27
FNH:22
FNDA:42,zurk
FNDA:31,zurkAsync
FNDA:31,callback
FNDA:11,zurkSync
FNDA:12,callback
FNDA:61,zurkifyPromise
FNDA:375,get
FNDA:43,getError
FNDA:284,isZurkAny
FNDA:2,isZurk
FNDA:68,isZurkPromise
FNDA:61,isZurkProxy
FNDA:39,zurkFactory
FNDA:39,<instance_members_initializer>
FNDA:39,Zurk
FNDA:0,on
FNDA:0,get child
FNDA:5,get status
FNDA:2,get signal
FNDA:4,get error
FNDA:2,get stderr
FNDA:16,get stdout
FNDA:18,get stdall
FNDA:0,get stdio
FNDA:0,get duration
FNDA:17,toString
FNDA:0,valueOf
DA:1,1
DA:2,1
DA:3,1
DA:4,1
DA:5,1
DA:6,1
DA:7,1
DA:8,1
DA:9,1
DA:10,1
DA:11,1
DA:12,1
DA:13,1
DA:14,1
DA:15,1
DA:16,1
DA:17,1
DA:18,1
DA:19,1
DA:20,1
DA:21,1
DA:22,1
DA:23,1
DA:24,1
DA:25,1
DA:26,1
DA:27,1
DA:28,1
DA:29,1
DA:30,1
DA:31,1
DA:32,1
DA:33,1
DA:34,1
DA:35,1
DA:36,1
DA:37,1
DA:38,1
DA:39,1
DA:40,1
DA:41,1
DA:42,1
DA:43,1
DA:44,1
DA:45,1
DA:46,1
DA:47,1
DA:48,1
DA:49,1
DA:50,1
DA:51,1
DA:52,1
DA:53,1
DA:54,1
DA:55,1
DA:56,1
DA:57,1
DA:58,1
DA:59,1
DA:60,1
DA:61,1
DA:62,1
DA:63,42
DA:64,1
DA:65,1
DA:66,31
DA:67,31
DA:68,31
DA:69,31
DA:70,31
DA:71,31
DA:72,31
DA:73,31
DA:74,31
DA:75,31
DA:76,31
DA:77,31
DA:78,31
DA:79,1
DA:80,1
DA:81,11
DA:82,11
DA:83,11
DA:84,11
DA:85,12
DA:86,12
DA:87,10
DA:88,10
DA:89,11
DA:90,11
DA:91,11
DA:92,11
DA:93,11
DA:94,11
DA:95,11
DA:96,11
DA:97,1
DA:98,1
DA:99,1
DA:100,61
DA:101,61
DA:102,61
DA:103,61
DA:104,61
DA:105,375
DA:106,375
DA:107,375
DA:108,375
DA:109,375
DA:110,375
DA:111,375
DA:112,375
DA:113,22
DA:114,375
DA:115,7
DA:116,7
DA:117,7
DA:118,61
DA:119,61
DA:120,61
DA:121,61
DA:122,1
DA:123,1
DA:124,43
DA:125,43
DA:126,43
DA:127,43
DA:128,34
DA:129,34
DA:130,34
DA:131,1
DA:132,1
DA:133,1
DA:134,1
DA:135,1
DA:136,1
DA:137,1
DA:138,1
DA:139,1
DA:140,1
DA:141,1
DA:142,1
DA:143,39
DA:144,39
DA:145,1
DA:146,1
DA:147,1
DA:148,1
DA:149,1
DA:150,1
DA:151,1
DA:152,1
DA:153,1
DA:154,0
DA:155,0
DA:156,0
DA:157,0
DA:158,1
DA:159,1
DA:160,1
DA:161,1
LF:161
LH:157
BRDA:62,0,0,42
BRDA:63,1,0,11
BRDA:63,2,0,31
BRDA:65,3,0,31
BRDA:69,4,0,31
BRDA:70,5,0,0
BRDA:71,6,0,7
BRDA:71,7,0,2
BRDA:71,8,0,29
BRDA:80,9,0,11
BRDA:84,10,0,12
BRDA:85,11,0,0
BRDA:86,12,0,2
BRDA:86,13,0,2
BRDA:87,14,0,10
BRDA:99,15,0,61
BRDA:101,16,0,0
BRDA:104,17,0,375
BRDA:105,18,0,93
BRDA:106,19,0,282
BRDA:106,20,0,120
BRDA:107,21,0,162
BRDA:107,22,0,1
BRDA:108,23,0,161
BRDA:108,24,0,30
BRDA:109,25,0,131
BRDA:109,26,0,0
BRDA:110,27,0,131
BRDA:110,28,0,105
BRDA:111,29,0,26
BRDA:111,30,0,1
BRDA:112,31,0,25
BRDA:112,32,0,3
BRDA:113,33,0,22
BRDA:114,34,0,15
BRDA:115,35,0,7
BRDA:108,36,0,30
BRDA:112,37,0,3
BRDA:116,38,0,7
BRDA:123,39,0,43
BRDA:125,40,0,3
BRDA:126,41,0,40
BRDA:126,42,0,37
BRDA:127,43,0,6
BRDA:128,44,0,34
BRDA:132,45,0,284
BRDA:133,46,0,2
BRDA:134,47,0,68
BRDA:135,48,0,61
BRDA:137,49,0,39
BRDA:140,50,0,39
BRDA:142,51,0,39
BRDA:147,52,0,5
BRDA:147,53,0,0
BRDA:148,54,0,2
BRDA:149,55,0,4
BRDA:150,56,0,2
BRDA:151,57,0,16
BRDA:151,58,0,0
BRDA:152,59,0,18
BRDA:152,60,0,0
BRDA:159,61,0,17
BRF:62
BRH:55
end_of_record
TN:
SF:src/main/ts/mixin/kill.ts
FN:15,kill
FN:26,killMixin
FN:29,kill
FN:32,abort
FNF:4
FNH:4
FNDA:3,kill
FNDA:67,killMixin
FNDA:3,kill
FNDA:1,abort
DA:1,1
DA:2,1
DA:3,1
DA:4,1
DA:5,1
DA:6,1
DA:7,1
DA:8,1
DA:9,1
DA:10,1
DA:11,1
DA:12,1
DA:13,1
DA:14,1
DA:15,1
DA:16,3
DA:17,3
DA:18,3
DA:19,3
DA:20,3
DA:21,3
DA:22,0
DA:23,0
DA:24,3
DA:25,1
DA:26,1
DA:27,67
DA:28,67
DA:29,67
DA:30,3
DA:31,67
DA:32,67
DA:33,67
DA:34,67
LF:34
LH:32
BRDA:15,0,0,3
BRDA:15,1,0,3
BRDA:21,2,0,0
BRDA:17,3,0,3
BRDA:26,4,0,67
BRDA:34,5,0,0
BRDA:29,6,0,3
BRDA:32,7,0,1
BRF:8
BRH:6
end_of_record
TN:
SF:src/main/ts/mixin/pipe.ts
FN:14,pipeMixin
FN:17,pipe
FN:23,fill
FN:45,onStdout
FNF:4
FNH:4
FNDA:67,pipeMixin
FNDA:12,pipe
FNDA:12,fill
FNDA:2,onStdout
DA:1,1
DA:2,1
DA:3,1
DA:4,1
DA:5,1
DA:6,1
DA:7,1
DA:8,1
DA:9,1
DA:10,1
DA:11,1
DA:12,1
DA:13,1
DA:14,1
DA:15,67
DA:16,67
DA:17,67
DA:18,12
DA:19,12
DA:20,12
DA:21,12
DA:22,12
DA:23,12
DA:24,12
DA:25,14
DA:26,14
DA:27,12
DA:28,12
DA:29,12
DA:30,12
DA:31,2
DA:32,2
DA:33,12
DA:34,2
DA:35,10
DA:36,8
DA:37,8
DA:38,0
DA:39,0
DA:40,12
DA:41,12
DA:42,5
DA:43,5
DA:44,12
DA:45,7
DA:46,7
DA:47,7
DA:48,7
DA:49,7
DA:50,7
DA:51,7
DA:52,7
DA:53,7
DA:54,7
DA:55,7
DA:56,12
DA:57,12
DA:58,12
DA:59,67
DA:60,67
LF:60
LH:58
BRDA:14,0,0,67
BRDA:60,1,0,0
BRDA:17,2,0,12
BRDA:22,3,0,5
BRDA:22,4,0,7
BRDA:30,5,0,2
BRDA:33,6,0,10
BRDA:33,7,0,2
BRDA:35,8,0,8
BRDA:37,9,0,0
BRDA:41,10,0,5
BRDA:44,11,0,7
BRDA:23,12,0,12
BRDA:24,13,0,14
BRDA:45,14,0,2
BRDA:47,15,0,7
BRDA:51,16,0,7
BRF:17
BRH:15
end_of_record
TN:
SF:src/main/ts/mixin/timeout.ts
FN:12,attachTimeout
FN:19,kill
FN:27,timeoutMixin
FN:30,set timeoutSignal
FN:33,set timeout
FNF:5
FNH:5
FNDA:31,attachTimeout
FNDA:2,kill
FNDA:67,timeoutMixin
FNDA:1,set timeoutSignal
FNDA:1,set timeout
DA:1,1
DA:2,1
DA:3,1
DA:4,1
DA:5,1
DA:6,1
DA:7,1
DA:8,1
DA:9,1
DA:10,1
DA:11,1
DA:12,1
DA:13,31
DA:14,31
DA:15,31
DA:16,31
DA:17,31
DA:18,2
DA:19,2
DA:20,2
DA:21,2
DA:22,2
DA:23,2
DA:24,2
DA:25,2
DA:26,1
DA:27,1
DA:28,67
DA:29,30
DA:30,30
DA:31,1
DA:32,30
DA:33,30
DA:34,1
DA:35,1
DA:36,1
DA:37,30
DA:38,30
DA:39,30
DA:40,30
DA:41,30
DA:42,67
DA:43,67
DA:44,67
LF:44
LH:44
BRDA:12,0,0,31
BRDA:17,1,0,29
BRDA:18,2,0,2
BRDA:19,3,0,2
BRDA:22,4,0,0
BRDA:22,5,0,0
BRDA:27,6,0,67
BRDA:28,7,0,30
BRDA:30,8,0,1
BRDA:33,9,0,1
BRDA:40,10,0,30
BRF:11
BRH:9
end_of_record
